
*** Running vivado
    with args -log multi_and_gate.vds -m64 -product Vivado -mode batch -messageDb vivado.pb -notrace -source multi_and_gate.tcl


****** Vivado v2022.2 (64-bit)
  **** SW Build 3671981 on Fri Oct 14 04:59:54 MDT 2022
  **** IP Build 3669848 on Fri Oct 14 08:30:02 MDT 2022
    ** Copyright 1986-2022 Xilinx, Inc. All Rights Reserved.

source multi_and_gate.tcl -notrace
Command: read_checkpoint -auto_incremental -incremental /home/lsriw/SR/BodziochKonrad/AND_gate/AND_gate.srcs/utils_1/imports/synth_1/multi_and_gate.dcp
INFO: [Vivado 12-5825] Read reference checkpoint from /home/lsriw/SR/BodziochKonrad/AND_gate/AND_gate.srcs/utils_1/imports/synth_1/multi_and_gate.dcp for incremental synthesis
INFO: [Vivado 12-7989] Please ensure there are no constraint changes
Command: synth_design -top multi_and_gate -part xc7z010clg400-1
Starting synth_design
Attempting to get a license for feature 'Synthesis' and/or device 'xc7z010'
INFO: [Common 17-349] Got license for feature 'Synthesis' and/or device 'xc7z010'
INFO: [Designutils 20-5440] No compile time benefit to using incremental synthesis; A full resynthesis will be run
INFO: [Designutils 20-4379] Flow is switching to default flow due to incremental criteria not met. If you would like to alter this behaviour and have the flow terminate instead, please set the following parameter config_implementation {autoIncr.Synth.RejectBehavior Terminate}
INFO: [Synth 8-7079] Multithreading enabled for synth_design using a maximum of 4 processes.
INFO: [Synth 8-7078] Launching helper process for spawning children vivado processes
INFO: [Synth 8-7075] Helper process launched with PID 13829
INFO: [Synth 8-11241] undeclared symbol 'REGCCE', assumed default net type 'wire' [/tools/Xilinx/Vivado/2022.2/data/verilog/src/unimacro/BRAM_SINGLE_MACRO.v:2170]
---------------------------------------------------------------------------------
Starting Synthesize : Time (s): cpu = 00:00:03 ; elapsed = 00:00:03 . Memory (MB): peak = 2116.059 ; gain = 379.676 ; free physical = 53639 ; free virtual = 59817
Synthesis current peak Physical Memory [PSS] (MB): peak = 1549.883; parent = 1340.654; children = 209.229
Synthesis current peak Virtual Memory [VSS] (MB): peak = 3123.289; parent = 2116.062; children = 1007.227
---------------------------------------------------------------------------------
INFO: [Synth 8-6157] synthesizing module 'multi_and_gate' [/home/lsriw/SR/BodziochKonrad/AND_gate/AND_gate.srcs/sources_1/new/multi_and_gate.v:23]
INFO: [Synth 8-6157] synthesizing module 'and_gate' [/home/lsriw/SR/BodziochKonrad/AND_gate/AND_gate.srcs/sources_1/new/and_gate.v:23]
INFO: [Synth 8-6155] done synthesizing module 'and_gate' (0#1) [/home/lsriw/SR/BodziochKonrad/AND_gate/AND_gate.srcs/sources_1/new/and_gate.v:23]
INFO: [Synth 8-6155] done synthesizing module 'multi_and_gate' (0#1) [/home/lsriw/SR/BodziochKonrad/AND_gate/AND_gate.srcs/sources_1/new/multi_and_gate.v:23]
---------------------------------------------------------------------------------
Finished Synthesize : Time (s): cpu = 00:00:04 ; elapsed = 00:00:04 . Memory (MB): peak = 2181.027 ; gain = 444.645 ; free physical = 53739 ; free virtual = 59918
Synthesis current peak Physical Memory [PSS] (MB): peak = 1549.883; parent = 1340.654; children = 209.229
Synthesis current peak Virtual Memory [VSS] (MB): peak = 3188.258; parent = 2181.031; children = 1007.227
---------------------------------------------------------------------------------
---------------------------------------------------------------------------------
Finished Constraint Validation : Time (s): cpu = 00:00:04 ; elapsed = 00:00:05 . Memory (MB): peak = 2192.902 ; gain = 456.520 ; free physical = 53729 ; free virtual = 59908
Synthesis current peak Physical Memory [PSS] (MB): peak = 1549.883; parent = 1340.654; children = 209.229
Synthesis current peak Virtual Memory [VSS] (MB): peak = 3200.133; parent = 2192.906; children = 1007.227
---------------------------------------------------------------------------------
---------------------------------------------------------------------------------
Start Loading Part and Timing Information
---------------------------------------------------------------------------------
Loading part: xc7z010clg400-1
---------------------------------------------------------------------------------
Finished Loading Part and Timing Information : Time (s): cpu = 00:00:04 ; elapsed = 00:00:05 . Memory (MB): peak = 2200.906 ; gain = 464.523 ; free physical = 53729 ; free virtual = 59908
Synthesis current peak Physical Memory [PSS] (MB): peak = 1549.883; parent = 1340.654; children = 209.229
INFO: [Device 21-403] Loading part xc7z010clg400-1
Synthesis current peak Virtual Memory [VSS] (MB): peak = 3208.137; parent = 2200.910; children = 1007.227
---------------------------------------------------------------------------------
---------------------------------------------------------------------------------
Finished RTL Optimization Phase 2 : Time (s): cpu = 00:00:04 ; elapsed = 00:00:05 . Memory (MB): peak = 2209.812 ; gain = 473.430 ; free physical = 53726 ; free virtual = 59905
Synthesis current peak Physical Memory [PSS] (MB): peak = 1549.883; parent = 1340.654; children = 209.229
Synthesis current peak Virtual Memory [VSS] (MB): peak = 3217.043; parent = 2209.816; children = 1007.227
---------------------------------------------------------------------------------
No constraint files found.
---------------------------------------------------------------------------------
Start RTL Component Statistics 
---------------------------------------------------------------------------------
Detailed RTL Component Info : 
---------------------------------------------------------------------------------
Finished RTL Component Statistics 
---------------------------------------------------------------------------------
---------------------------------------------------------------------------------
Start Part Resource Summary
---------------------------------------------------------------------------------
Part Resources:
DSPs: 80 (col length:40)
BRAMs: 120 (col length: RAMB18 40 RAMB36 20)
---------------------------------------------------------------------------------
Finished Part Resource Summary
---------------------------------------------------------------------------------
No constraint files found.
---------------------------------------------------------------------------------
Start Cross Boundary and Area Optimization
---------------------------------------------------------------------------------
WARNING: [Synth 8-7080] Parallel synthesis criteria is not met
---------------------------------------------------------------------------------
Finished Cross Boundary and Area Optimization : Time (s): cpu = 00:00:08 ; elapsed = 00:00:08 . Memory (MB): peak = 2335.164 ; gain = 598.781 ; free physical = 53450 ; free virtual = 59632
Synthesis current peak Physical Memory [PSS] (MB): peak = 1755.801; parent = 1546.818; children = 209.229
Synthesis current peak Virtual Memory [VSS] (MB): peak = 3342.395; parent = 2335.168; children = 1007.227
---------------------------------------------------------------------------------
No constraint files found.
---------------------------------------------------------------------------------
Start Timing Optimization
---------------------------------------------------------------------------------
---------------------------------------------------------------------------------
Finished Timing Optimization : Time (s): cpu = 00:00:08 ; elapsed = 00:00:08 . Memory (MB): peak = 2335.164 ; gain = 598.781 ; free physical = 53444 ; free virtual = 59626
Synthesis current peak Physical Memory [PSS] (MB): peak = 1758.992; parent = 1550.010; children = 209.229
Synthesis current peak Virtual Memory [VSS] (MB): peak = 3342.395; parent = 2335.168; children = 1007.227
---------------------------------------------------------------------------------
---------------------------------------------------------------------------------
Start Technology Mapping
---------------------------------------------------------------------------------
---------------------------------------------------------------------------------
Finished Technology Mapping : Time (s): cpu = 00:00:08 ; elapsed = 00:00:08 . Memory (MB): peak = 2335.164 ; gain = 598.781 ; free physical = 53442 ; free virtual = 59624
Synthesis current peak Physical Memory [PSS] (MB): peak = 1759.348; parent = 1550.369; children = 209.229
Synthesis current peak Virtual Memory [VSS] (MB): peak = 3342.395; parent = 2335.168; children = 1007.227
---------------------------------------------------------------------------------
---------------------------------------------------------------------------------
Start IO Insertion
---------------------------------------------------------------------------------
---------------------------------------------------------------------------------
Start Flattening Before IO Insertion
---------------------------------------------------------------------------------
---------------------------------------------------------------------------------
Finished Flattening Before IO Insertion
---------------------------------------------------------------------------------
---------------------------------------------------------------------------------
Start Final Netlist Cleanup
---------------------------------------------------------------------------------
---------------------------------------------------------------------------------
Finished Final Netlist Cleanup
---------------------------------------------------------------------------------
---------------------------------------------------------------------------------
Finished IO Insertion : Time (s): cpu = 00:00:10 ; elapsed = 00:00:11 . Memory (MB): peak = 2335.164 ; gain = 598.781 ; free physical = 53440 ; free virtual = 59623
Synthesis current peak Physical Memory [PSS] (MB): peak = 1759.527; parent = 1550.549; children = 209.229
Synthesis current peak Virtual Memory [VSS] (MB): peak = 3342.395; parent = 2335.168; children = 1007.227
---------------------------------------------------------------------------------
---------------------------------------------------------------------------------
Start Renaming Generated Instances
---------------------------------------------------------------------------------
---------------------------------------------------------------------------------
Finished Renaming Generated Instances : Time (s): cpu = 00:00:10 ; elapsed = 00:00:11 . Memory (MB): peak = 2335.164 ; gain = 598.781 ; free physical = 53440 ; free virtual = 59622
Synthesis current peak Physical Memory [PSS] (MB): peak = 1759.594; parent = 1550.615; children = 209.229
Synthesis current peak Virtual Memory [VSS] (MB): peak = 3342.395; parent = 2335.168; children = 1007.227
---------------------------------------------------------------------------------
---------------------------------------------------------------------------------
Start Rebuilding User Hierarchy
---------------------------------------------------------------------------------
---------------------------------------------------------------------------------
Finished Rebuilding User Hierarchy : Time (s): cpu = 00:00:10 ; elapsed = 00:00:11 . Memory (MB): peak = 2335.164 ; gain = 598.781 ; free physical = 53440 ; free virtual = 59622
Synthesis current peak Physical Memory [PSS] (MB): peak = 1759.625; parent = 1550.646; children = 209.229
Synthesis current peak Virtual Memory [VSS] (MB): peak = 3342.395; parent = 2335.168; children = 1007.227
---------------------------------------------------------------------------------
---------------------------------------------------------------------------------
Start Renaming Generated Ports
---------------------------------------------------------------------------------
---------------------------------------------------------------------------------
Finished Renaming Generated Ports : Time (s): cpu = 00:00:10 ; elapsed = 00:00:11 . Memory (MB): peak = 2335.164 ; gain = 598.781 ; free physical = 53439 ; free virtual = 59621
Synthesis current peak Physical Memory [PSS] (MB): peak = 1759.625; parent = 1550.646; children = 209.229
Synthesis current peak Virtual Memory [VSS] (MB): peak = 3342.395; parent = 2335.168; children = 1007.227
---------------------------------------------------------------------------------
---------------------------------------------------------------------------------
Start Handling Custom Attributes
---------------------------------------------------------------------------------
---------------------------------------------------------------------------------
Finished Handling Custom Attributes : Time (s): cpu = 00:00:10 ; elapsed = 00:00:11 . Memory (MB): peak = 2335.164 ; gain = 598.781 ; free physical = 53439 ; free virtual = 59621
Synthesis current peak Physical Memory [PSS] (MB): peak = 1759.641; parent = 1550.662; children = 209.229
Synthesis current peak Virtual Memory [VSS] (MB): peak = 3342.395; parent = 2335.168; children = 1007.227
---------------------------------------------------------------------------------
---------------------------------------------------------------------------------
Start Renaming Generated Nets
---------------------------------------------------------------------------------
---------------------------------------------------------------------------------
Finished Renaming Generated Nets : Time (s): cpu = 00:00:10 ; elapsed = 00:00:11 . Memory (MB): peak = 2335.164 ; gain = 598.781 ; free physical = 53440 ; free virtual = 59622
Synthesis current peak Physical Memory [PSS] (MB): peak = 1759.656; parent = 1550.678; children = 209.229
Synthesis current peak Virtual Memory [VSS] (MB): peak = 3342.395; parent = 2335.168; children = 1007.227
---------------------------------------------------------------------------------
---------------------------------------------------------------------------------
Start Writing Synthesis Report
---------------------------------------------------------------------------------

Report BlackBoxes: 
+-+--------------+----------+
| |BlackBox name |Instances |
+-+--------------+----------+
+-+--------------+----------+

Report Cell Usage: 
+------+-----+------+
|      |Cell |Count |
+------+-----+------+
|1     |LUT3 |     1|
|2     |LUT6 |     1|
|3     |IBUF |     8|
|4     |OBUF |     1|
+------+-----+------+

Report Instance Areas: 
+------+---------+-------+------+
|      |Instance |Module |Cells |
+------+---------+-------+------+
|1     |top      |       |    11|
+------+---------+-------+------+
---------------------------------------------------------------------------------
Finished Writing Synthesis Report : Time (s): cpu = 00:00:10 ; elapsed = 00:00:11 . Memory (MB): peak = 2335.164 ; gain = 598.781 ; free physical = 53437 ; free virtual = 59619
Synthesis current peak Physical Memory [PSS] (MB): peak = 1759.703; parent = 1550.725; children = 209.229
Synthesis current peak Virtual Memory [VSS] (MB): peak = 3342.395; parent = 2335.168; children = 1007.227
---------------------------------------------------------------------------------
Synthesis finished with 0 errors, 0 critical warnings and 1 warnings.
Synthesis Optimization Runtime : Time (s): cpu = 00:00:10 ; elapsed = 00:00:11 . Memory (MB): peak = 2335.164 ; gain = 598.781 ; free physical = 53440 ; free virtual = 59622
Synthesis Optimization Complete : Time (s): cpu = 00:00:10 ; elapsed = 00:00:11 . Memory (MB): peak = 2335.172 ; gain = 598.781 ; free physical = 53441 ; free virtual = 59623
INFO: [Project 1-571] Translating synthesized netlist
Netlist sorting complete. Time (s): cpu = 00:00:00 ; elapsed = 00:00:00 . Memory (MB): peak = 2341.102 ; gain = 0.000 ; free physical = 53513 ; free virtual = 59695
INFO: [Project 1-570] Preparing netlist for logic optimization
INFO: [Opt 31-138] Pushed 0 inverter(s) to 0 load pin(s).
Netlist sorting complete. Time (s): cpu = 00:00:00 ; elapsed = 00:00:00 . Memory (MB): peak = 2418.789 ; gain = 0.000 ; free physical = 53434 ; free virtual = 59617
INFO: [Project 1-111] Unisim Transformation Summary:
No Unisim elements were transformed.

Synth Design complete, checksum: b0e99f34
INFO: [Common 17-83] Releasing license: Synthesis
19 Infos, 1 Warnings, 0 Critical Warnings and 0 Errors encountered.
synth_design completed successfully
synth_design: Time (s): cpu = 00:00:14 ; elapsed = 00:00:13 . Memory (MB): peak = 2418.789 ; gain = 688.344 ; free physical = 53640 ; free virtual = 59822
INFO: [Common 17-1381] The checkpoint '/home/lsriw/SR/BodziochKonrad/AND_gate/AND_gate.runs/synth_1/multi_and_gate.dcp' has been generated.
INFO: [runtcl-4] Executing : report_utilization -file multi_and_gate_utilization_synth.rpt -pb multi_and_gate_utilization_synth.pb
INFO: [Common 17-206] Exiting Vivado at Mon Mar  4 18:17:49 2024...
