Vivado Simulator v2023.2
Copyright 1986-2022 Xilinx, Inc. All Rights Reserved.
Copyright 2022-2023 Advanced Micro Devices, Inc. All Rights Reserved.
Running: C:/Xilinx/Vivado/2023.2/bin/unwrapped/win64.o/xelab.exe --incr --debug typical --relax --mt 2 -L xil_defaultlib -L unisims_ver -L secureip --snapshot tb_main_Lut_func_impl xil_defaultlib.tb_main_Lut xil_defaultlib.glbl -log elaborate.log 
Using 2 slave threads.
Starting static elaboration
Pass Through NonSizing Optimizer
Completed static elaboration
Starting simulation data flow analysis
Completed simulation data flow analysis
Time Resolution for simulation is 1ps
Compiling module unisims_ver.RB18_INTERNAL_VLOG(DOA_REG=1,DOB...
Compiling module unisims_ver.RAMB18E1(DOA_REG=1,DOB_REG=1,INI...
Compiling module xil_defaultlib.blk_mem_gen_0
Compiling module unisims_ver.IBUF
Compiling module unisims_ver.OBUF
Compiling module xil_defaultlib.main_lut
Compiling module xil_defaultlib.tb_main_Lut
Compiling module xil_defaultlib.glbl
Built simulation snapshot tb_main_Lut_func_impl
