
*** Running vivado
    with args -log design_1_wrapper.vds -m64 -product Vivado -mode batch -messageDb vivado.pb -notrace -source design_1_wrapper.tcl


ECHO is off.
ECHO is off.

****** Vivado v2023.2 (64-bit)
  **** SW Build 4029153 on Fri Oct 13 20:14:34 MDT 2023
  **** IP Build 4028589 on Sat Oct 14 00:45:43 MDT 2023
  **** SharedData Build 4025554 on Tue Oct 10 17:18:54 MDT 2023
    ** Copyright 1986-2022 Xilinx, Inc. All Rights Reserved.
    ** Copyright 2022-2023 Advanced Micro Devices, Inc. All Rights Reserved.

source design_1_wrapper.tcl -notrace
INFO: [IP_Flow 19-234] Refreshing IP repositories
INFO: [IP_Flow 19-1700] Loaded user IP repository 'c:/Users/dunge/Desktop/Systemy Rekonfigurowalne/Lab5/vivado-library'.
INFO: [IP_Flow 19-2313] Loaded Vivado IP repository 'C:/Xilinx/Vivado/2023.2/data/ip'.
WARNING: [IP_Flow 19-4995] The host OS only allows 260 characters in a normal path. The IP cache path is more than 80 characters. If you experience issues with IP caching, please consider changing the IP cache to a location with a shorter path. Alternately consider using the OS subst command to map part of the path to a drive letter. 
Current IP cache path is c:/Users/dunge/Desktop/Systemy Rekonfigurowalne/Lab5/hdmi_vga_zybo_85/hdmi_vga_zybo.cache/ip 
Command: read_checkpoint -auto_incremental -incremental {C:/Users/dunge/Desktop/Systemy Rekonfigurowalne/Lab5/hdmi_vga_zybo_85/hdmi_vga_zybo.srcs/utils_1/imports/synth_1/tb_hdmi.dcp}
INFO: [Vivado 12-5825] Read reference checkpoint from C:/Users/dunge/Desktop/Systemy Rekonfigurowalne/Lab5/hdmi_vga_zybo_85/hdmi_vga_zybo.srcs/utils_1/imports/synth_1/tb_hdmi.dcp for incremental synthesis
INFO: [Vivado 12-7989] Please ensure there are no constraint changes
Command: synth_design -top design_1_wrapper -part xc7z010clg400-1
Starting synth_design
Attempting to get a license for feature 'Synthesis' and/or device 'xc7z010'
INFO: [Common 17-349] Got license for feature 'Synthesis' and/or device 'xc7z010'
INFO: [Device 21-403] Loading part xc7z010clg400-1
INFO: [Synth 8-7079] Multithreading enabled for synth_design using a maximum of 2 processes.
INFO: [Synth 8-7078] Launching helper process for spawning children vivado processes
INFO: [Synth 8-7075] Helper process launched with PID 3164
---------------------------------------------------------------------------------
Starting RTL Elaboration : Time (s): cpu = 00:00:19 ; elapsed = 00:00:21 . Memory (MB): peak = 1353.422 ; gain = 439.449
---------------------------------------------------------------------------------
INFO: [Synth 8-6157] synthesizing module 'design_1_wrapper' [c:/Users/dunge/Desktop/Systemy Rekonfigurowalne/Lab5/hdmi_vga_zybo_85/hdmi_vga_zybo.gen/sources_1/bd/design_1/hdl/design_1_wrapper.v:13]
INFO: [Synth 8-6157] synthesizing module 'design_1' [c:/Users/dunge/Desktop/Systemy Rekonfigurowalne/Lab5/hdmi_vga_zybo_85/hdmi_vga_zybo.gen/sources_1/bd/design_1/synth/design_1.v:13]
INFO: [Synth 8-6157] synthesizing module 'design_1_clk_wiz_0_0' [C:/Users/dunge/Desktop/Systemy Rekonfigurowalne/Lab5/hdmi_vga_zybo_85/hdmi_vga_zybo.runs/synth_1/.Xil/Vivado-6576-DESKTOP-4SO6743/realtime/design_1_clk_wiz_0_0_stub.v:6]
INFO: [Synth 8-6155] done synthesizing module 'design_1_clk_wiz_0_0' (0#1) [C:/Users/dunge/Desktop/Systemy Rekonfigurowalne/Lab5/hdmi_vga_zybo_85/hdmi_vga_zybo.runs/synth_1/.Xil/Vivado-6576-DESKTOP-4SO6743/realtime/design_1_clk_wiz_0_0_stub.v:6]
INFO: [Synth 8-6157] synthesizing module 'design_1_dvi2rgb_0_0' [C:/Users/dunge/Desktop/Systemy Rekonfigurowalne/Lab5/hdmi_vga_zybo_85/hdmi_vga_zybo.runs/synth_1/.Xil/Vivado-6576-DESKTOP-4SO6743/realtime/design_1_dvi2rgb_0_0_stub.v:6]
INFO: [Synth 8-6155] done synthesizing module 'design_1_dvi2rgb_0_0' (0#1) [C:/Users/dunge/Desktop/Systemy Rekonfigurowalne/Lab5/hdmi_vga_zybo_85/hdmi_vga_zybo.runs/synth_1/.Xil/Vivado-6576-DESKTOP-4SO6743/realtime/design_1_dvi2rgb_0_0_stub.v:6]
WARNING: [Synth 8-7071] port 'aPixelClkLckd' of module 'design_1_dvi2rgb_0_0' is unconnected for instance 'dvi2rgb_0' [c:/Users/dunge/Desktop/Systemy Rekonfigurowalne/Lab5/hdmi_vga_zybo_85/hdmi_vga_zybo.gen/sources_1/bd/design_1/synth/design_1.v:98]
WARNING: [Synth 8-7071] port 'pLocked' of module 'design_1_dvi2rgb_0_0' is unconnected for instance 'dvi2rgb_0' [c:/Users/dunge/Desktop/Systemy Rekonfigurowalne/Lab5/hdmi_vga_zybo_85/hdmi_vga_zybo.gen/sources_1/bd/design_1/synth/design_1.v:98]
WARNING: [Synth 8-7023] instance 'dvi2rgb_0' of module 'design_1_dvi2rgb_0_0' has 20 connections declared, but only 18 given [c:/Users/dunge/Desktop/Systemy Rekonfigurowalne/Lab5/hdmi_vga_zybo_85/hdmi_vga_zybo.gen/sources_1/bd/design_1/synth/design_1.v:98]
INFO: [Synth 8-6157] synthesizing module 'design_1_rgb2vga_0_0' [C:/Users/dunge/Desktop/Systemy Rekonfigurowalne/Lab5/hdmi_vga_zybo_85/hdmi_vga_zybo.runs/synth_1/.Xil/Vivado-6576-DESKTOP-4SO6743/realtime/design_1_rgb2vga_0_0_stub.v:6]
INFO: [Synth 8-6155] done synthesizing module 'design_1_rgb2vga_0_0' (0#1) [C:/Users/dunge/Desktop/Systemy Rekonfigurowalne/Lab5/hdmi_vga_zybo_85/hdmi_vga_zybo.runs/synth_1/.Xil/Vivado-6576-DESKTOP-4SO6743/realtime/design_1_rgb2vga_0_0_stub.v:6]
INFO: [Synth 8-6157] synthesizing module 'design_1_xlconstant_0_0' [c:/Users/dunge/Desktop/Systemy Rekonfigurowalne/Lab5/hdmi_vga_zybo_85/hdmi_vga_zybo.gen/sources_1/bd/design_1/ip/design_1_xlconstant_0_0/synth/design_1_xlconstant_0_0.v:53]
INFO: [Synth 8-6157] synthesizing module 'xlconstant_v1_1_8_xlconstant' [c:/Users/dunge/Desktop/Systemy Rekonfigurowalne/Lab5/hdmi_vga_zybo_85/hdmi_vga_zybo.gen/sources_1/bd/design_1/ipshared/d390/hdl/xlconstant_v1_1_vl_rfs.v:68]
INFO: [Synth 8-6155] done synthesizing module 'xlconstant_v1_1_8_xlconstant' (0#1) [c:/Users/dunge/Desktop/Systemy Rekonfigurowalne/Lab5/hdmi_vga_zybo_85/hdmi_vga_zybo.gen/sources_1/bd/design_1/ipshared/d390/hdl/xlconstant_v1_1_vl_rfs.v:68]
INFO: [Synth 8-6155] done synthesizing module 'design_1_xlconstant_0_0' (0#1) [c:/Users/dunge/Desktop/Systemy Rekonfigurowalne/Lab5/hdmi_vga_zybo_85/hdmi_vga_zybo.gen/sources_1/bd/design_1/ip/design_1_xlconstant_0_0/synth/design_1_xlconstant_0_0.v:53]
INFO: [Synth 8-6157] synthesizing module 'design_1_xlconstant_1_0' [c:/Users/dunge/Desktop/Systemy Rekonfigurowalne/Lab5/hdmi_vga_zybo_85/hdmi_vga_zybo.gen/sources_1/bd/design_1/ip/design_1_xlconstant_1_0/synth/design_1_xlconstant_1_0.v:53]
INFO: [Synth 8-6157] synthesizing module 'xlconstant_v1_1_8_xlconstant__parameterized0' [c:/Users/dunge/Desktop/Systemy Rekonfigurowalne/Lab5/hdmi_vga_zybo_85/hdmi_vga_zybo.gen/sources_1/bd/design_1/ipshared/d390/hdl/xlconstant_v1_1_vl_rfs.v:68]
INFO: [Synth 8-6155] done synthesizing module 'xlconstant_v1_1_8_xlconstant__parameterized0' (0#1) [c:/Users/dunge/Desktop/Systemy Rekonfigurowalne/Lab5/hdmi_vga_zybo_85/hdmi_vga_zybo.gen/sources_1/bd/design_1/ipshared/d390/hdl/xlconstant_v1_1_vl_rfs.v:68]
INFO: [Synth 8-6155] done synthesizing module 'design_1_xlconstant_1_0' (0#1) [c:/Users/dunge/Desktop/Systemy Rekonfigurowalne/Lab5/hdmi_vga_zybo_85/hdmi_vga_zybo.gen/sources_1/bd/design_1/ip/design_1_xlconstant_1_0/synth/design_1_xlconstant_1_0.v:53]
INFO: [Synth 8-6155] done synthesizing module 'design_1' (0#1) [c:/Users/dunge/Desktop/Systemy Rekonfigurowalne/Lab5/hdmi_vga_zybo_85/hdmi_vga_zybo.gen/sources_1/bd/design_1/synth/design_1.v:13]
INFO: [Synth 8-6157] synthesizing module 'IOBUF' [C:/Xilinx/Vivado/2023.2/scripts/rt/data/unisim_comp.v:78197]
INFO: [Synth 8-6155] done synthesizing module 'IOBUF' (0#1) [C:/Xilinx/Vivado/2023.2/scripts/rt/data/unisim_comp.v:78197]
INFO: [Synth 8-6155] done synthesizing module 'design_1_wrapper' (0#1) [c:/Users/dunge/Desktop/Systemy Rekonfigurowalne/Lab5/hdmi_vga_zybo_85/hdmi_vga_zybo.gen/sources_1/bd/design_1/hdl/design_1_wrapper.v:13]
---------------------------------------------------------------------------------
Finished RTL Elaboration : Time (s): cpu = 00:00:28 ; elapsed = 00:00:30 . Memory (MB): peak = 1464.117 ; gain = 550.145
---------------------------------------------------------------------------------
---------------------------------------------------------------------------------
Start Handling Custom Attributes
---------------------------------------------------------------------------------
---------------------------------------------------------------------------------
Finished Handling Custom Attributes : Time (s): cpu = 00:00:29 ; elapsed = 00:00:31 . Memory (MB): peak = 1464.117 ; gain = 550.145
---------------------------------------------------------------------------------
---------------------------------------------------------------------------------
Finished RTL Optimization Phase 1 : Time (s): cpu = 00:00:29 ; elapsed = 00:00:31 . Memory (MB): peak = 1464.117 ; gain = 550.145
---------------------------------------------------------------------------------
Netlist sorting complete. Time (s): cpu = 00:00:00 ; elapsed = 00:00:00.004 . Memory (MB): peak = 1464.117 ; gain = 0.000
INFO: [Netlist 29-17] Analyzing 2 Unisim elements for replacement
INFO: [Netlist 29-28] Unisim Transformation completed in 0 CPU seconds
INFO: [Project 1-570] Preparing netlist for logic optimization

Processing XDC Constraints
Initializing timing engine
Parsing XDC File [c:/Users/dunge/Desktop/Systemy Rekonfigurowalne/Lab5/hdmi_vga_zybo_85/hdmi_vga_zybo.gen/sources_1/bd/design_1/ip/design_1_dvi2rgb_0_0/design_1_dvi2rgb_0_0/design_1_dvi2rgb_0_0_in_context.xdc] for cell 'design_1_i/dvi2rgb_0'
Finished Parsing XDC File [c:/Users/dunge/Desktop/Systemy Rekonfigurowalne/Lab5/hdmi_vga_zybo_85/hdmi_vga_zybo.gen/sources_1/bd/design_1/ip/design_1_dvi2rgb_0_0/design_1_dvi2rgb_0_0/design_1_dvi2rgb_0_0_in_context.xdc] for cell 'design_1_i/dvi2rgb_0'
Parsing XDC File [c:/Users/dunge/Desktop/Systemy Rekonfigurowalne/Lab5/hdmi_vga_zybo_85/hdmi_vga_zybo.gen/sources_1/bd/design_1/ip/design_1_clk_wiz_0_0/design_1_clk_wiz_0_0/design_1_clk_wiz_0_0_in_context.xdc] for cell 'design_1_i/clk_wiz_0'
Finished Parsing XDC File [c:/Users/dunge/Desktop/Systemy Rekonfigurowalne/Lab5/hdmi_vga_zybo_85/hdmi_vga_zybo.gen/sources_1/bd/design_1/ip/design_1_clk_wiz_0_0/design_1_clk_wiz_0_0/design_1_clk_wiz_0_0_in_context.xdc] for cell 'design_1_i/clk_wiz_0'
Parsing XDC File [c:/Users/dunge/Desktop/Systemy Rekonfigurowalne/Lab5/hdmi_vga_zybo_85/hdmi_vga_zybo.gen/sources_1/bd/design_1/ip/design_1_rgb2vga_0_0/design_1_rgb2vga_0_0/design_1_rgb2vga_0_0_in_context.xdc] for cell 'design_1_i/rgb2vga_0'
Finished Parsing XDC File [c:/Users/dunge/Desktop/Systemy Rekonfigurowalne/Lab5/hdmi_vga_zybo_85/hdmi_vga_zybo.gen/sources_1/bd/design_1/ip/design_1_rgb2vga_0_0/design_1_rgb2vga_0_0/design_1_rgb2vga_0_0_in_context.xdc] for cell 'design_1_i/rgb2vga_0'
Parsing XDC File [C:/Users/dunge/Desktop/Systemy Rekonfigurowalne/Lab5/hdmi_vga_zybo_85/hdmi_vga_zybo.srcs/constrs_1/imports/hdmi_vga_zybo_85/Zybo_HDMI.xdc]
Finished Parsing XDC File [C:/Users/dunge/Desktop/Systemy Rekonfigurowalne/Lab5/hdmi_vga_zybo_85/hdmi_vga_zybo.srcs/constrs_1/imports/hdmi_vga_zybo_85/Zybo_HDMI.xdc]
INFO: [Project 1-236] Implementation specific constraints were found while reading constraint file [C:/Users/dunge/Desktop/Systemy Rekonfigurowalne/Lab5/hdmi_vga_zybo_85/hdmi_vga_zybo.srcs/constrs_1/imports/hdmi_vga_zybo_85/Zybo_HDMI.xdc]. These constraints will be ignored for synthesis but will be used in implementation. Impacted constraints are listed in the file [.Xil/design_1_wrapper_propImpl.xdc].
Resolution: To avoid this warning, move constraints listed in [.Xil/design_1_wrapper_propImpl.xdc] to another XDC file and exclude this new file from synthesis with the used_in_synthesis property (File Properties dialog in GUI) and re-run elaboration/synthesis.
Parsing XDC File [C:/Users/dunge/Desktop/Systemy Rekonfigurowalne/Lab5/hdmi_vga_zybo_85/hdmi_vga_zybo.runs/synth_1/dont_touch.xdc]
Finished Parsing XDC File [C:/Users/dunge/Desktop/Systemy Rekonfigurowalne/Lab5/hdmi_vga_zybo_85/hdmi_vga_zybo.runs/synth_1/dont_touch.xdc]
Completed Processing XDC Constraints

Netlist sorting complete. Time (s): cpu = 00:00:00 ; elapsed = 00:00:00 . Memory (MB): peak = 1464.117 ; gain = 0.000
INFO: [Project 1-111] Unisim Transformation Summary:
  A total of 2 instances were transformed.
  IOBUF => IOBUF (IBUF, OBUFT): 2 instances

Odmowa dost©pu.
Constraint Validation Runtime : Time (s): cpu = 00:00:00 ; elapsed = 00:00:00.016 . Memory (MB): peak = 1464.117 ; gain = 0.000
---------------------------------------------------------------------------------
Finished Constraint Validation : Time (s): cpu = 00:01:15 ; elapsed = 00:01:19 . Memory (MB): peak = 1464.117 ; gain = 550.145
---------------------------------------------------------------------------------
---------------------------------------------------------------------------------
Start Loading Part and Timing Information
---------------------------------------------------------------------------------
Loading part: xc7z010clg400-1
---------------------------------------------------------------------------------
Finished Loading Part and Timing Information : Time (s): cpu = 00:01:15 ; elapsed = 00:01:19 . Memory (MB): peak = 1464.117 ; gain = 550.145
---------------------------------------------------------------------------------
---------------------------------------------------------------------------------
Start Applying 'set_property' XDC Constraints
---------------------------------------------------------------------------------
Applied set_property IO_BUFFER_TYPE = NONE for hdmi_in_clk_n. (constraint file  {c:/Users/dunge/Desktop/Systemy Rekonfigurowalne/Lab5/hdmi_vga_zybo_85/hdmi_vga_zybo.gen/sources_1/bd/design_1/ip/design_1_dvi2rgb_0_0/design_1_dvi2rgb_0_0/design_1_dvi2rgb_0_0_in_context.xdc}, line 2).
Applied set_property CLOCK_BUFFER_TYPE = NONE for hdmi_in_clk_n. (constraint file  {c:/Users/dunge/Desktop/Systemy Rekonfigurowalne/Lab5/hdmi_vga_zybo_85/hdmi_vga_zybo.gen/sources_1/bd/design_1/ip/design_1_dvi2rgb_0_0/design_1_dvi2rgb_0_0/design_1_dvi2rgb_0_0_in_context.xdc}, line 3).
Applied set_property IO_BUFFER_TYPE = NONE for hdmi_in_clk_p. (constraint file  {c:/Users/dunge/Desktop/Systemy Rekonfigurowalne/Lab5/hdmi_vga_zybo_85/hdmi_vga_zybo.gen/sources_1/bd/design_1/ip/design_1_dvi2rgb_0_0/design_1_dvi2rgb_0_0/design_1_dvi2rgb_0_0_in_context.xdc}, line 4).
Applied set_property CLOCK_BUFFER_TYPE = NONE for hdmi_in_clk_p. (constraint file  {c:/Users/dunge/Desktop/Systemy Rekonfigurowalne/Lab5/hdmi_vga_zybo_85/hdmi_vga_zybo.gen/sources_1/bd/design_1/ip/design_1_dvi2rgb_0_0/design_1_dvi2rgb_0_0/design_1_dvi2rgb_0_0_in_context.xdc}, line 5).
Applied set_property IO_BUFFER_TYPE = NONE for hdmi_in_data_n[0]. (constraint file  {c:/Users/dunge/Desktop/Systemy Rekonfigurowalne/Lab5/hdmi_vga_zybo_85/hdmi_vga_zybo.gen/sources_1/bd/design_1/ip/design_1_dvi2rgb_0_0/design_1_dvi2rgb_0_0/design_1_dvi2rgb_0_0_in_context.xdc}, line 6).
Applied set_property CLOCK_BUFFER_TYPE = NONE for hdmi_in_data_n[0]. (constraint file  {c:/Users/dunge/Desktop/Systemy Rekonfigurowalne/Lab5/hdmi_vga_zybo_85/hdmi_vga_zybo.gen/sources_1/bd/design_1/ip/design_1_dvi2rgb_0_0/design_1_dvi2rgb_0_0/design_1_dvi2rgb_0_0_in_context.xdc}, line 7).
Applied set_property IO_BUFFER_TYPE = NONE for hdmi_in_data_n[1]. (constraint file  {c:/Users/dunge/Desktop/Systemy Rekonfigurowalne/Lab5/hdmi_vga_zybo_85/hdmi_vga_zybo.gen/sources_1/bd/design_1/ip/design_1_dvi2rgb_0_0/design_1_dvi2rgb_0_0/design_1_dvi2rgb_0_0_in_context.xdc}, line 8).
Applied set_property CLOCK_BUFFER_TYPE = NONE for hdmi_in_data_n[1]. (constraint file  {c:/Users/dunge/Desktop/Systemy Rekonfigurowalne/Lab5/hdmi_vga_zybo_85/hdmi_vga_zybo.gen/sources_1/bd/design_1/ip/design_1_dvi2rgb_0_0/design_1_dvi2rgb_0_0/design_1_dvi2rgb_0_0_in_context.xdc}, line 9).
Applied set_property IO_BUFFER_TYPE = NONE for hdmi_in_data_n[2]. (constraint file  {c:/Users/dunge/Desktop/Systemy Rekonfigurowalne/Lab5/hdmi_vga_zybo_85/hdmi_vga_zybo.gen/sources_1/bd/design_1/ip/design_1_dvi2rgb_0_0/design_1_dvi2rgb_0_0/design_1_dvi2rgb_0_0_in_context.xdc}, line 10).
Applied set_property CLOCK_BUFFER_TYPE = NONE for hdmi_in_data_n[2]. (constraint file  {c:/Users/dunge/Desktop/Systemy Rekonfigurowalne/Lab5/hdmi_vga_zybo_85/hdmi_vga_zybo.gen/sources_1/bd/design_1/ip/design_1_dvi2rgb_0_0/design_1_dvi2rgb_0_0/design_1_dvi2rgb_0_0_in_context.xdc}, line 11).
Applied set_property IO_BUFFER_TYPE = NONE for hdmi_in_data_p[0]. (constraint file  {c:/Users/dunge/Desktop/Systemy Rekonfigurowalne/Lab5/hdmi_vga_zybo_85/hdmi_vga_zybo.gen/sources_1/bd/design_1/ip/design_1_dvi2rgb_0_0/design_1_dvi2rgb_0_0/design_1_dvi2rgb_0_0_in_context.xdc}, line 12).
Applied set_property CLOCK_BUFFER_TYPE = NONE for hdmi_in_data_p[0]. (constraint file  {c:/Users/dunge/Desktop/Systemy Rekonfigurowalne/Lab5/hdmi_vga_zybo_85/hdmi_vga_zybo.gen/sources_1/bd/design_1/ip/design_1_dvi2rgb_0_0/design_1_dvi2rgb_0_0/design_1_dvi2rgb_0_0_in_context.xdc}, line 13).
Applied set_property IO_BUFFER_TYPE = NONE for hdmi_in_data_p[1]. (constraint file  {c:/Users/dunge/Desktop/Systemy Rekonfigurowalne/Lab5/hdmi_vga_zybo_85/hdmi_vga_zybo.gen/sources_1/bd/design_1/ip/design_1_dvi2rgb_0_0/design_1_dvi2rgb_0_0/design_1_dvi2rgb_0_0_in_context.xdc}, line 14).
Applied set_property CLOCK_BUFFER_TYPE = NONE for hdmi_in_data_p[1]. (constraint file  {c:/Users/dunge/Desktop/Systemy Rekonfigurowalne/Lab5/hdmi_vga_zybo_85/hdmi_vga_zybo.gen/sources_1/bd/design_1/ip/design_1_dvi2rgb_0_0/design_1_dvi2rgb_0_0/design_1_dvi2rgb_0_0_in_context.xdc}, line 15).
Applied set_property IO_BUFFER_TYPE = NONE for hdmi_in_data_p[2]. (constraint file  {c:/Users/dunge/Desktop/Systemy Rekonfigurowalne/Lab5/hdmi_vga_zybo_85/hdmi_vga_zybo.gen/sources_1/bd/design_1/ip/design_1_dvi2rgb_0_0/design_1_dvi2rgb_0_0/design_1_dvi2rgb_0_0_in_context.xdc}, line 16).
Applied set_property CLOCK_BUFFER_TYPE = NONE for hdmi_in_data_p[2]. (constraint file  {c:/Users/dunge/Desktop/Systemy Rekonfigurowalne/Lab5/hdmi_vga_zybo_85/hdmi_vga_zybo.gen/sources_1/bd/design_1/ip/design_1_dvi2rgb_0_0/design_1_dvi2rgb_0_0/design_1_dvi2rgb_0_0_in_context.xdc}, line 17).
Applied set_property IO_BUFFER_TYPE = NONE for sys_clock. (constraint file  {c:/Users/dunge/Desktop/Systemy Rekonfigurowalne/Lab5/hdmi_vga_zybo_85/hdmi_vga_zybo.gen/sources_1/bd/design_1/ip/design_1_clk_wiz_0_0/design_1_clk_wiz_0_0/design_1_clk_wiz_0_0_in_context.xdc}, line 3).
Applied set_property CLOCK_BUFFER_TYPE = NONE for sys_clock. (constraint file  {c:/Users/dunge/Desktop/Systemy Rekonfigurowalne/Lab5/hdmi_vga_zybo_85/hdmi_vga_zybo.gen/sources_1/bd/design_1/ip/design_1_clk_wiz_0_0/design_1_clk_wiz_0_0/design_1_clk_wiz_0_0_in_context.xdc}, line 4).
Applied set_property KEEP_HIERARCHY = SOFT for design_1_i. (constraint file  auto generated constraint).
Applied set_property KEEP_HIERARCHY = SOFT for design_1_i/dvi2rgb_0. (constraint file  auto generated constraint).
Applied set_property KEEP_HIERARCHY = SOFT for design_1_i/clk_wiz_0. (constraint file  auto generated constraint).
Applied set_property KEEP_HIERARCHY = SOFT for design_1_i/rgb2vga_0. (constraint file  auto generated constraint).
Applied set_property KEEP_HIERARCHY = SOFT for design_1_i/xlconstant_0. (constraint file  auto generated constraint).
Applied set_property KEEP_HIERARCHY = SOFT for design_1_i/xlconstant_1. (constraint file  auto generated constraint).
---------------------------------------------------------------------------------
Finished applying 'set_property' XDC Constraints : Time (s): cpu = 00:01:15 ; elapsed = 00:01:20 . Memory (MB): peak = 1464.117 ; gain = 550.145
---------------------------------------------------------------------------------
---------------------------------------------------------------------------------
Start Preparing Guide Design
---------------------------------------------------------------------------------
CRITICAL WARNING: [Synth 8-6895] The reference checkpoint C:/Users/dunge/Desktop/Systemy Rekonfigurowalne/Lab5/hdmi_vga_zybo_85/hdmi_vga_zybo.srcs/utils_1/imports/synth_1/tb_hdmi.dcp is not suitable for use with incremental synthesis for this design. Please regenerate the checkpoint for this design with -incremental_synth switch in the same Vivado session that synth_design has been run. Synthesis will continue with the default flow
---------------------------------------------------------------------------------
Finished Doing Graph Differ : Time (s): cpu = 00:01:15 ; elapsed = 00:01:20 . Memory (MB): peak = 1464.117 ; gain = 550.145
---------------------------------------------------------------------------------
---------------------------------------------------------------------------------
Finished Preparing Guide Design : Time (s): cpu = 00:01:15 ; elapsed = 00:01:20 . Memory (MB): peak = 1464.117 ; gain = 550.145
---------------------------------------------------------------------------------
---------------------------------------------------------------------------------
Finished RTL Optimization Phase 2 : Time (s): cpu = 00:01:16 ; elapsed = 00:01:21 . Memory (MB): peak = 1464.117 ; gain = 550.145
---------------------------------------------------------------------------------


Incremental Synthesis Report Summary:

1. Incremental synthesis run: no

   Reason for not running incremental synthesis : 


INFO: [Synth 8-7130] Flow is switching to default flow due to incremental criteria not met. If you would like to alter this behaviour and have the flow terminate instead, please set the following parameter config_implementation {autoIncr.Synth.RejectBehavior Terminate}
---------------------------------------------------------------------------------
Start RTL Component Statistics 
---------------------------------------------------------------------------------
Detailed RTL Component Info : 
---------------------------------------------------------------------------------
Finished RTL Component Statistics 
---------------------------------------------------------------------------------
---------------------------------------------------------------------------------
Start Part Resource Summary
---------------------------------------------------------------------------------
Part Resources:
DSPs: 80 (col length:40)
BRAMs: 120 (col length: RAMB18 40 RAMB36 20)
---------------------------------------------------------------------------------
Finished Part Resource Summary
---------------------------------------------------------------------------------
---------------------------------------------------------------------------------
Start Cross Boundary and Area Optimization
---------------------------------------------------------------------------------
WARNING: [Synth 8-7080] Parallel synthesis criteria is not met
---------------------------------------------------------------------------------
Finished Cross Boundary and Area Optimization : Time (s): cpu = 00:01:24 ; elapsed = 00:01:30 . Memory (MB): peak = 1464.117 ; gain = 550.145
---------------------------------------------------------------------------------
---------------------------------------------------------------------------------
Start Applying XDC Timing Constraints
---------------------------------------------------------------------------------
---------------------------------------------------------------------------------
Finished Applying XDC Timing Constraints : Time (s): cpu = 00:01:43 ; elapsed = 00:01:49 . Memory (MB): peak = 1464.117 ; gain = 550.145
---------------------------------------------------------------------------------
---------------------------------------------------------------------------------
Start Timing Optimization
---------------------------------------------------------------------------------
---------------------------------------------------------------------------------
Finished Timing Optimization : Time (s): cpu = 00:01:43 ; elapsed = 00:01:49 . Memory (MB): peak = 1464.117 ; gain = 550.145
---------------------------------------------------------------------------------
---------------------------------------------------------------------------------
Start Technology Mapping
---------------------------------------------------------------------------------
---------------------------------------------------------------------------------
Finished Technology Mapping : Time (s): cpu = 00:01:43 ; elapsed = 00:01:49 . Memory (MB): peak = 1464.117 ; gain = 550.145
---------------------------------------------------------------------------------
---------------------------------------------------------------------------------
Start IO Insertion
---------------------------------------------------------------------------------
---------------------------------------------------------------------------------
Start Flattening Before IO Insertion
---------------------------------------------------------------------------------
---------------------------------------------------------------------------------
Finished Flattening Before IO Insertion
---------------------------------------------------------------------------------
---------------------------------------------------------------------------------
Start Final Netlist Cleanup
---------------------------------------------------------------------------------
---------------------------------------------------------------------------------
Finished Final Netlist Cleanup
---------------------------------------------------------------------------------
---------------------------------------------------------------------------------
Finished IO Insertion : Time (s): cpu = 00:01:57 ; elapsed = 00:02:04 . Memory (MB): peak = 1464.117 ; gain = 550.145
---------------------------------------------------------------------------------
---------------------------------------------------------------------------------
Start Renaming Generated Instances
---------------------------------------------------------------------------------
---------------------------------------------------------------------------------
Finished Renaming Generated Instances : Time (s): cpu = 00:01:57 ; elapsed = 00:02:04 . Memory (MB): peak = 1464.117 ; gain = 550.145
---------------------------------------------------------------------------------
---------------------------------------------------------------------------------
Start Rebuilding User Hierarchy
---------------------------------------------------------------------------------
---------------------------------------------------------------------------------
Finished Rebuilding User Hierarchy : Time (s): cpu = 00:01:57 ; elapsed = 00:02:04 . Memory (MB): peak = 1464.117 ; gain = 550.145
---------------------------------------------------------------------------------
---------------------------------------------------------------------------------
Start Renaming Generated Ports
---------------------------------------------------------------------------------
---------------------------------------------------------------------------------
Finished Renaming Generated Ports : Time (s): cpu = 00:01:57 ; elapsed = 00:02:04 . Memory (MB): peak = 1464.117 ; gain = 550.145
---------------------------------------------------------------------------------
---------------------------------------------------------------------------------
Start Handling Custom Attributes
---------------------------------------------------------------------------------
---------------------------------------------------------------------------------
Finished Handling Custom Attributes : Time (s): cpu = 00:01:57 ; elapsed = 00:02:04 . Memory (MB): peak = 1464.117 ; gain = 550.145
---------------------------------------------------------------------------------
---------------------------------------------------------------------------------
Start Renaming Generated Nets
---------------------------------------------------------------------------------
---------------------------------------------------------------------------------
Finished Renaming Generated Nets : Time (s): cpu = 00:01:57 ; elapsed = 00:02:04 . Memory (MB): peak = 1464.117 ; gain = 550.145
---------------------------------------------------------------------------------
---------------------------------------------------------------------------------
Start Writing Synthesis Report
---------------------------------------------------------------------------------

Report BlackBoxes: 
+------+---------------------+----------+
|      |BlackBox name        |Instances |
+------+---------------------+----------+
|1     |design_1_clk_wiz_0_0 |         1|
|2     |design_1_dvi2rgb_0_0 |         1|
|3     |design_1_rgb2vga_0_0 |         1|
+------+---------------------+----------+

Report Cell Usage: 
+------+-------------------+------+
|      |Cell               |Count |
+------+-------------------+------+
|1     |design_1_clk_wiz_0 |     1|
|2     |design_1_dvi2rgb_0 |     1|
|3     |design_1_rgb2vga_0 |     1|
|4     |IOBUF              |     2|
|5     |OBUF               |    20|
+------+-------------------+------+
---------------------------------------------------------------------------------
Finished Writing Synthesis Report : Time (s): cpu = 00:01:57 ; elapsed = 00:02:04 . Memory (MB): peak = 1464.117 ; gain = 550.145
---------------------------------------------------------------------------------
Synthesis finished with 0 errors, 1 critical warnings and 1 warnings.
Synthesis Optimization Runtime : Time (s): cpu = 00:01:21 ; elapsed = 00:01:56 . Memory (MB): peak = 1464.117 ; gain = 550.145
Synthesis Optimization Complete : Time (s): cpu = 00:01:58 ; elapsed = 00:02:04 . Memory (MB): peak = 1464.117 ; gain = 550.145
INFO: [Project 1-571] Translating synthesized netlist
Netlist sorting complete. Time (s): cpu = 00:00:00 ; elapsed = 00:00:00.002 . Memory (MB): peak = 1464.117 ; gain = 0.000
INFO: [Netlist 29-17] Analyzing 2 Unisim elements for replacement
INFO: [Netlist 29-28] Unisim Transformation completed in 0 CPU seconds
INFO: [Project 1-570] Preparing netlist for logic optimization
INFO: [Opt 31-138] Pushed 0 inverter(s) to 0 load pin(s).
Netlist sorting complete. Time (s): cpu = 00:00:00 ; elapsed = 00:00:00 . Memory (MB): peak = 1477.293 ; gain = 0.000
INFO: [Project 1-111] Unisim Transformation Summary:
  A total of 2 instances were transformed.
  IOBUF => IOBUF (IBUF, OBUFT): 2 instances

Odmowa dost©pu.
Synth Design complete | Checksum: c2e68438
INFO: [Common 17-83] Releasing license: Synthesis
43 Infos, 5 Warnings, 1 Critical Warnings and 0 Errors encountered.
synth_design completed successfully
INFO: [Common 17-600] The following parameters have non-default value.
tcl.statsThreshold
INFO: [runtcl-6] Synthesis results are not added to the cache due to CRITICAL_WARNING
Write ShapeDB Complete: Time (s): cpu = 00:00:00 ; elapsed = 00:00:00.009 . Memory (MB): peak = 1477.293 ; gain = 0.000
INFO: [Common 17-1381] The checkpoint 'C:/Users/dunge/Desktop/Systemy Rekonfigurowalne/Lab5/hdmi_vga_zybo_85/hdmi_vga_zybo.runs/synth_1/design_1_wrapper.dcp' has been generated.
INFO: [runtcl-4] Executing : report_utilization -file design_1_wrapper_utilization_synth.rpt -pb design_1_wrapper_utilization_synth.pb
INFO: [Common 17-206] Exiting Vivado at Mon Apr  8 18:24:34 2024...
