
*** Running vivado
    with args -log mult_gen_0.vds -m64 -product Vivado -mode batch -messageDb vivado.pb -notrace -source mult_gen_0.tcl


ECHO is off.
ECHO is off.

****** Vivado v2023.2 (64-bit)
  **** SW Build 4029153 on Fri Oct 13 20:14:34 MDT 2023
  **** IP Build 4028589 on Sat Oct 14 00:45:43 MDT 2023
  **** SharedData Build 4025554 on Tue Oct 10 17:18:54 MDT 2023
    ** Copyright 1986-2022 Xilinx, Inc. All Rights Reserved.
    ** Copyright 2022-2023 Advanced Micro Devices, Inc. All Rights Reserved.

source mult_gen_0.tcl -notrace
INFO: [IP_Flow 19-6924] IPCACHE: Running cache check for IP inst: mult_gen_0
Command: synth_design -top mult_gen_0 -part xc7k70tfbv676-1 -incremental_mode off -mode out_of_context
Starting synth_design
Attempting to get a license for feature 'Synthesis' and/or device 'xc7k70t'
INFO: [Common 17-349] Got license for feature 'Synthesis' and/or device 'xc7k70t'
INFO: [Device 21-403] Loading part xc7k70tfbv676-1
INFO: [Synth 8-7079] Multithreading enabled for synth_design using a maximum of 2 processes.
INFO: [Synth 8-7078] Launching helper process for spawning children vivado processes
INFO: [Synth 8-7075] Helper process launched with PID 15100
---------------------------------------------------------------------------------
Starting RTL Elaboration : Time (s): cpu = 00:00:18 ; elapsed = 00:00:21 . Memory (MB): peak = 1311.531 ; gain = 438.180
---------------------------------------------------------------------------------
INFO: [Synth 8-638] synthesizing module 'mult_gen_0' [c:/Users/dunge/Desktop/Systemy Rekonfigurowalne/Lab4/op_arytm/op_arytm.gen/sources_1/ip/mult_gen_0/synth/mult_gen_0.vhd:69]
WARNING: [Synth 8-5640] Port 'zero_detect' is missing in component declaration [c:/Users/dunge/Desktop/Systemy Rekonfigurowalne/Lab4/op_arytm/op_arytm.gen/sources_1/ip/mult_gen_0/synth/mult_gen_0.vhd:72]
WARNING: [Synth 8-5640] Port 'pcasc' is missing in component declaration [c:/Users/dunge/Desktop/Systemy Rekonfigurowalne/Lab4/op_arytm/op_arytm.gen/sources_1/ip/mult_gen_0/synth/mult_gen_0.vhd:72]
WARNING: [Synth 8-5640] Port 'pcasc_ext' is missing in component declaration [c:/Users/dunge/Desktop/Systemy Rekonfigurowalne/Lab4/op_arytm/op_arytm.gen/sources_1/ip/mult_gen_0/synth/mult_gen_0.vhd:72]
	Parameter C_VERBOSITY bound to: 0 - type: integer 
	Parameter C_MODEL_TYPE bound to: 0 - type: integer 
	Parameter C_OPTIMIZE_GOAL bound to: 1 - type: integer 
	Parameter C_XDEVICEFAMILY bound to: kintex7 - type: string 
	Parameter C_HAS_CE bound to: 1 - type: integer 
	Parameter C_HAS_SCLR bound to: 0 - type: integer 
	Parameter C_LATENCY bound to: 5 - type: integer 
	Parameter C_A_WIDTH bound to: 21 - type: integer 
	Parameter C_A_TYPE bound to: 0 - type: integer 
	Parameter C_B_WIDTH bound to: 20 - type: integer 
	Parameter C_B_TYPE bound to: 0 - type: integer 
	Parameter C_OUT_HIGH bound to: 40 - type: integer 
	Parameter C_OUT_LOW bound to: 0 - type: integer 
	Parameter C_MULT_TYPE bound to: 0 - type: integer 
	Parameter C_CE_OVERRIDES_SCLR bound to: 0 - type: integer 
	Parameter C_CCM_IMP bound to: 0 - type: integer 
	Parameter C_B_VALUE bound to: 10000001 - type: string 
	Parameter C_HAS_ZERO_DETECT bound to: 0 - type: integer 
	Parameter C_ROUND_OUTPUT bound to: 0 - type: integer 
	Parameter C_ROUND_PT bound to: 0 - type: integer 
INFO: [Synth 8-3491] module 'mult_gen_v12_0_19' declared at 'c:/Users/dunge/Desktop/Systemy Rekonfigurowalne/Lab4/op_arytm/op_arytm.gen/sources_1/ip/mult_gen_0/hdl/mult_gen_v12_0_vh_rfs.vhd:21510' bound to instance 'U0' of component 'mult_gen_v12_0_19' [c:/Users/dunge/Desktop/Systemy Rekonfigurowalne/Lab4/op_arytm/op_arytm.gen/sources_1/ip/mult_gen_0/synth/mult_gen_0.vhd:123]
INFO: [Synth 8-256] done synthesizing module 'mult_gen_0' (0#1) [c:/Users/dunge/Desktop/Systemy Rekonfigurowalne/Lab4/op_arytm/op_arytm.gen/sources_1/ip/mult_gen_0/synth/mult_gen_0.vhd:69]
WARNING: [Synth 8-7129] Port SCLR in module mult_gen_v12_0_19_viv is either unconnected or has no load
---------------------------------------------------------------------------------
Finished RTL Elaboration : Time (s): cpu = 00:00:29 ; elapsed = 00:00:38 . Memory (MB): peak = 1454.746 ; gain = 581.395
---------------------------------------------------------------------------------
---------------------------------------------------------------------------------
Start Handling Custom Attributes
---------------------------------------------------------------------------------
---------------------------------------------------------------------------------
Finished Handling Custom Attributes : Time (s): cpu = 00:00:29 ; elapsed = 00:00:38 . Memory (MB): peak = 1454.746 ; gain = 581.395
---------------------------------------------------------------------------------
---------------------------------------------------------------------------------
Finished RTL Optimization Phase 1 : Time (s): cpu = 00:00:29 ; elapsed = 00:00:38 . Memory (MB): peak = 1454.746 ; gain = 581.395
---------------------------------------------------------------------------------
Netlist sorting complete. Time (s): cpu = 00:00:00 ; elapsed = 00:00:00.063 . Memory (MB): peak = 1454.746 ; gain = 0.000
INFO: [Netlist 29-17] Analyzing 670 Unisim elements for replacement
INFO: [Netlist 29-28] Unisim Transformation completed in 0 CPU seconds
INFO: [Project 1-570] Preparing netlist for logic optimization

Processing XDC Constraints
Initializing timing engine
Parsing XDC File [c:/Users/dunge/Desktop/Systemy Rekonfigurowalne/Lab4/op_arytm/op_arytm.gen/sources_1/ip/mult_gen_0/mult_gen_0_ooc.xdc] for cell 'U0'
Finished Parsing XDC File [c:/Users/dunge/Desktop/Systemy Rekonfigurowalne/Lab4/op_arytm/op_arytm.gen/sources_1/ip/mult_gen_0/mult_gen_0_ooc.xdc] for cell 'U0'
Parsing XDC File [C:/Users/dunge/Desktop/Systemy Rekonfigurowalne/Lab4/op_arytm/op_arytm.runs/mult_gen_0_synth_1/dont_touch.xdc]
Finished Parsing XDC File [C:/Users/dunge/Desktop/Systemy Rekonfigurowalne/Lab4/op_arytm/op_arytm.runs/mult_gen_0_synth_1/dont_touch.xdc]
Completed Processing XDC Constraints

Netlist sorting complete. Time (s): cpu = 00:00:00 ; elapsed = 00:00:00.001 . Memory (MB): peak = 1499.328 ; gain = 0.000
INFO: [Project 1-111] Unisim Transformation Summary:
  A total of 220 instances were transformed.
  MULT_AND => LUT2: 220 instances

Odmowa dost©pu.
Constraint Validation Runtime : Time (s): cpu = 00:00:00 ; elapsed = 00:00:00.083 . Memory (MB): peak = 1502.008 ; gain = 2.680
INFO: [Designutils 20-5008] Incremental synthesis strategy off
---------------------------------------------------------------------------------
Finished Constraint Validation : Time (s): cpu = 00:00:47 ; elapsed = 00:00:57 . Memory (MB): peak = 1502.008 ; gain = 628.656
---------------------------------------------------------------------------------
---------------------------------------------------------------------------------
Start Loading Part and Timing Information
---------------------------------------------------------------------------------
Loading part: xc7k70tfbv676-1
---------------------------------------------------------------------------------
Finished Loading Part and Timing Information : Time (s): cpu = 00:00:47 ; elapsed = 00:00:57 . Memory (MB): peak = 1502.008 ; gain = 628.656
---------------------------------------------------------------------------------
---------------------------------------------------------------------------------
Start Applying 'set_property' XDC Constraints
---------------------------------------------------------------------------------
Applied set_property KEEP_HIERARCHY = SOFT for U0. (constraint file  {C:/Users/dunge/Desktop/Systemy Rekonfigurowalne/Lab4/op_arytm/op_arytm.runs/mult_gen_0_synth_1/dont_touch.xdc}, line 9).
---------------------------------------------------------------------------------
Finished applying 'set_property' XDC Constraints : Time (s): cpu = 00:00:47 ; elapsed = 00:00:57 . Memory (MB): peak = 1502.008 ; gain = 628.656
---------------------------------------------------------------------------------
---------------------------------------------------------------------------------
Finished RTL Optimization Phase 2 : Time (s): cpu = 00:00:49 ; elapsed = 00:00:59 . Memory (MB): peak = 1502.008 ; gain = 628.656
---------------------------------------------------------------------------------
---------------------------------------------------------------------------------
Start RTL Component Statistics 
---------------------------------------------------------------------------------
---------------------------------------------------------------------------------
Finished RTL Component Statistics 
---------------------------------------------------------------------------------
---------------------------------------------------------------------------------
Start Part Resource Summary
---------------------------------------------------------------------------------
Part Resources:
DSPs: 240 (col length:80)
BRAMs: 270 (col length: RAMB18 80 RAMB36 40)
---------------------------------------------------------------------------------
Finished Part Resource Summary
---------------------------------------------------------------------------------
---------------------------------------------------------------------------------
Start Cross Boundary and Area Optimization
---------------------------------------------------------------------------------
WARNING: [Synth 8-7080] Parallel synthesis criteria is not met
WARNING: [Synth 8-7129] Port SCLR in module mult_gen_v12_0_19_viv is either unconnected or has no load
---------------------------------------------------------------------------------
Finished Cross Boundary and Area Optimization : Time (s): cpu = 00:00:54 ; elapsed = 00:01:04 . Memory (MB): peak = 1502.008 ; gain = 628.656
---------------------------------------------------------------------------------
---------------------------------------------------------------------------------
Start Applying XDC Timing Constraints
---------------------------------------------------------------------------------
---------------------------------------------------------------------------------
Finished Applying XDC Timing Constraints : Time (s): cpu = 00:01:08 ; elapsed = 00:01:21 . Memory (MB): peak = 1502.008 ; gain = 628.656
---------------------------------------------------------------------------------
---------------------------------------------------------------------------------
Start Timing Optimization
---------------------------------------------------------------------------------
---------------------------------------------------------------------------------
Finished Timing Optimization : Time (s): cpu = 00:01:08 ; elapsed = 00:01:21 . Memory (MB): peak = 1502.008 ; gain = 628.656
---------------------------------------------------------------------------------
---------------------------------------------------------------------------------
Start Technology Mapping
---------------------------------------------------------------------------------
---------------------------------------------------------------------------------
Finished Technology Mapping : Time (s): cpu = 00:01:09 ; elapsed = 00:01:22 . Memory (MB): peak = 1502.008 ; gain = 628.656
---------------------------------------------------------------------------------
---------------------------------------------------------------------------------
Start IO Insertion
---------------------------------------------------------------------------------
---------------------------------------------------------------------------------
Start Flattening Before IO Insertion
---------------------------------------------------------------------------------
---------------------------------------------------------------------------------
Finished Flattening Before IO Insertion
---------------------------------------------------------------------------------
---------------------------------------------------------------------------------
Start Final Netlist Cleanup
---------------------------------------------------------------------------------
---------------------------------------------------------------------------------
Finished Final Netlist Cleanup
---------------------------------------------------------------------------------
---------------------------------------------------------------------------------
Finished IO Insertion : Time (s): cpu = 00:01:20 ; elapsed = 00:01:33 . Memory (MB): peak = 1502.008 ; gain = 628.656
---------------------------------------------------------------------------------
---------------------------------------------------------------------------------
Start Renaming Generated Instances
---------------------------------------------------------------------------------
---------------------------------------------------------------------------------
Finished Renaming Generated Instances : Time (s): cpu = 00:01:20 ; elapsed = 00:01:33 . Memory (MB): peak = 1502.008 ; gain = 628.656
---------------------------------------------------------------------------------
---------------------------------------------------------------------------------
Start Rebuilding User Hierarchy
---------------------------------------------------------------------------------
---------------------------------------------------------------------------------
Finished Rebuilding User Hierarchy : Time (s): cpu = 00:01:20 ; elapsed = 00:01:33 . Memory (MB): peak = 1502.008 ; gain = 628.656
---------------------------------------------------------------------------------
---------------------------------------------------------------------------------
Start Renaming Generated Ports
---------------------------------------------------------------------------------
---------------------------------------------------------------------------------
Finished Renaming Generated Ports : Time (s): cpu = 00:01:20 ; elapsed = 00:01:33 . Memory (MB): peak = 1502.008 ; gain = 628.656
---------------------------------------------------------------------------------
---------------------------------------------------------------------------------
Start Handling Custom Attributes
---------------------------------------------------------------------------------
---------------------------------------------------------------------------------
Finished Handling Custom Attributes : Time (s): cpu = 00:01:20 ; elapsed = 00:01:33 . Memory (MB): peak = 1502.008 ; gain = 628.656
---------------------------------------------------------------------------------
---------------------------------------------------------------------------------
Start Renaming Generated Nets
---------------------------------------------------------------------------------
---------------------------------------------------------------------------------
Finished Renaming Generated Nets : Time (s): cpu = 00:01:20 ; elapsed = 00:01:33 . Memory (MB): peak = 1502.008 ; gain = 628.656
---------------------------------------------------------------------------------
---------------------------------------------------------------------------------
Start Writing Synthesis Report
---------------------------------------------------------------------------------

Report BlackBoxes: 
+-+--------------+----------+
| |BlackBox name |Instances |
+-+--------------+----------+
+-+--------------+----------+

Report Cell Usage: 
+------+---------+------+
|      |Cell     |Count |
+------+---------+------+
|1     |CARRY4   |    59|
|2     |LUT1     |    10|
|3     |LUT2     |   229|
|4     |LUT3     |    20|
|5     |LUT4     |   200|
|6     |MULT_AND |   220|
|7     |MUXCY    |   220|
|8     |SRL16E   |     6|
|9     |XORCY    |   230|
|10    |FDRE     |   531|
+------+---------+------+
---------------------------------------------------------------------------------
Finished Writing Synthesis Report : Time (s): cpu = 00:01:20 ; elapsed = 00:01:33 . Memory (MB): peak = 1502.008 ; gain = 628.656
---------------------------------------------------------------------------------
Synthesis finished with 0 errors, 0 critical warnings and 2 warnings.
Synthesis Optimization Runtime : Time (s): cpu = 00:00:46 ; elapsed = 00:01:27 . Memory (MB): peak = 1502.008 ; gain = 581.395
Synthesis Optimization Complete : Time (s): cpu = 00:01:20 ; elapsed = 00:01:33 . Memory (MB): peak = 1502.008 ; gain = 628.656
INFO: [Project 1-571] Translating synthesized netlist
Netlist sorting complete. Time (s): cpu = 00:00:00 ; elapsed = 00:00:00.125 . Memory (MB): peak = 1502.008 ; gain = 0.000
INFO: [Netlist 29-17] Analyzing 729 Unisim elements for replacement
INFO: [Netlist 29-28] Unisim Transformation completed in 1 CPU seconds
WARNING: [Netlist 29-101] Netlist 'mult_gen_0' is not ideal for floorplanning, since the cellview 'luts' contains a large number of primitives.  Please consider enabling hierarchy in synthesis if you want to do floorplanning.
INFO: [Project 1-570] Preparing netlist for logic optimization
INFO: [Opt 31-138] Pushed 0 inverter(s) to 0 load pin(s).
Netlist sorting complete. Time (s): cpu = 00:00:00 ; elapsed = 00:00:00.001 . Memory (MB): peak = 1502.008 ; gain = 0.000
INFO: [Project 1-111] Unisim Transformation Summary:
  A total of 280 instances were transformed.
  (MUXCY,XORCY) => CARRY4: 60 instances
  MULT_AND => LUT2: 220 instances

Odmowa dost©pu.
Synth Design complete | Checksum: 3d14e4ba
INFO: [Common 17-83] Releasing license: Synthesis
21 Infos, 7 Warnings, 0 Critical Warnings and 0 Errors encountered.
synth_design completed successfully
INFO: [Common 17-600] The following parameters have non-default value.
tcl.statsThreshold
Write ShapeDB Complete: Time (s): cpu = 00:00:00 ; elapsed = 00:00:00.017 . Memory (MB): peak = 1502.008 ; gain = 0.000
INFO: [Common 17-1381] The checkpoint 'C:/Users/dunge/Desktop/Systemy Rekonfigurowalne/Lab4/op_arytm/op_arytm.runs/mult_gen_0_synth_1/mult_gen_0.dcp' has been generated.
INFO: [Coretcl 2-1648] Added synthesis output to IP cache for IP mult_gen_0, cache-ID = 453f31c5b8c493ec
INFO: [Coretcl 2-1174] Renamed 3 cell refs.
Write ShapeDB Complete: Time (s): cpu = 00:00:00 ; elapsed = 00:00:00.016 . Memory (MB): peak = 1502.008 ; gain = 0.000
INFO: [Common 17-1381] The checkpoint 'C:/Users/dunge/Desktop/Systemy Rekonfigurowalne/Lab4/op_arytm/op_arytm.runs/mult_gen_0_synth_1/mult_gen_0.dcp' has been generated.
INFO: [runtcl-4] Executing : report_utilization -file mult_gen_0_utilization_synth.rpt -pb mult_gen_0_utilization_synth.pb
INFO: [Common 17-206] Exiting Vivado at Sun Mar 24 15:55:12 2024...
